{
    "extensions": {
        "bluerobotics.blueos-bb": [
            {
                "message": "Starting metadata processing for bluerobotics.blueos-bb",
                "status": "INFO"
            },
            {
                "message": "Finished metadata processing for bluerobotics.blueos-bb",
                "status": "INFO"
            },
            {
                "message": "Invalid tag name master for extension bluerobotics.blueos-bb, error: Invalid version naming: master",
                "status": "ERROR"
            }
        ],
        "bluerobotics.cockpit": [
            {
                "message": "Starting metadata processing for bluerobotics.cockpit",
                "status": "INFO"
            },
            {
                "message": "Finished metadata processing for bluerobotics.cockpit",
                "status": "INFO"
            },
            {
                "message": "Invalid tag name master for extension bluerobotics.cockpit, error: Invalid version naming: master",
                "status": "ERROR"
            },
            {
                "message": "Invalid tag name v.1.13.0 for extension bluerobotics.cockpit, error: Invalid version naming: v.1.13.0",
                "status": "ERROR"
            },
            {
                "message": "Invalid tag name latest for extension bluerobotics.cockpit, error: Invalid version naming: latest",
                "status": "ERROR"
            },
            {
                "message": "Failed to generate version v1.15.1 for extension bluerobotics.cockpit, error: Error on Docker Registry API with status 429 on call to https://registry-1.docker.io/v2/bluerobotics/cockpit/manifests/v1.15.1: TOOMANYREQUESTS - You have reached your pull rate limit as 'deepwaterexploration': dckr_jti_fMgRyOku5YWW95jSi7F7gjm3Y8M=. You may increase the limit by upgrading. https://www.docker.com/increase-rate-limit",
                "status": "ERROR"
            },
            {
                "message": "Failed to generate version v1.4.0 for extension bluerobotics.cockpit, error: Error on Docker Registry API with status 429 on call to https://registry-1.docker.io/v2/bluerobotics/cockpit/manifests/v1.4.0: TOOMANYREQUESTS - You have reached your pull rate limit as 'deepwaterexploration': dckr_jti_XfOI7DwyN0Z0Dc0PiA2AEeuMYus=. You may increase the limit by upgrading. https://www.docker.com/increase-rate-limit",
                "status": "ERROR"
            },
            {
                "message": "Failed to generate version v1.5.0 for extension bluerobotics.cockpit, error: Error on Docker Registry API with status 429 on call to https://registry-1.docker.io/v2/bluerobotics/cockpit/manifests/v1.5.0: TOOMANYREQUESTS - You have reached your pull rate limit as 'deepwaterexploration': dckr_jti_EVYWom7nNlsEiwL81osK5NjPSh8=. You may increase the limit by upgrading. https://www.docker.com/increase-rate-limit",
                "status": "ERROR"
            },
            {
                "message": "Failed to generate version v1.8.0 for extension bluerobotics.cockpit, error: Error on Docker Registry API with status 429 on call to https://registry-1.docker.io/v2/bluerobotics/cockpit/manifests/v1.8.0: TOOMANYREQUESTS - You have reached your pull rate limit as 'deepwaterexploration': dckr_jti_rdm6uxVcjcQGcB-oS7QTfhPXPbA=. You may increase the limit by upgrading. https://www.docker.com/increase-rate-limit",
                "status": "ERROR"
            },
            {
                "message": "Failed to generate version v1.15.0 for extension bluerobotics.cockpit, error: Error on Docker Registry API with status 429 on call to https://registry-1.docker.io/v2/bluerobotics/cockpit/manifests/v1.15.0: TOOMANYREQUESTS - You have reached your pull rate limit as 'deepwaterexploration': dckr_jti_IgAyF55lSI6_8WO3rQyRBYo2Bu0=. You may increase the limit by upgrading. https://www.docker.com/increase-rate-limit",
                "status": "ERROR"
            },
            {
                "message": "Failed to generate version v1.13.0 for extension bluerobotics.cockpit, error: Error on Docker Registry API with status 429 on call to https://registry-1.docker.io/v2/bluerobotics/cockpit/manifests/v1.13.0: TOOMANYREQUESTS - You have reached your pull rate limit as 'deepwaterexploration': dckr_jti_K6rgsvTRgmeYLar_uXySmrxPCBU=. You may increase the limit by upgrading. https://www.docker.com/increase-rate-limit",
                "status": "ERROR"
            },
            {
                "message": "Failed to generate version v1.6.0 for extension bluerobotics.cockpit, error: Error on Docker Registry API with status 429 on call to https://registry-1.docker.io/v2/bluerobotics/cockpit/manifests/v1.6.0: TOOMANYREQUESTS - You have reached your pull rate limit as 'deepwaterexploration': dckr_jti_ivZBzEIXE3Le421meqZozd2uR4g=. You may increase the limit by upgrading. https://www.docker.com/increase-rate-limit",
                "status": "ERROR"
            },
            {
                "message": "Failed to generate version v1.12.0 for extension bluerobotics.cockpit, error: Error on Docker Registry API with status 429 on call to https://registry-1.docker.io/v2/bluerobotics/cockpit/manifests/v1.12.0: TOOMANYREQUESTS - You have reached your pull rate limit as 'deepwaterexploration': dckr_jti_MtP4eZWfi7-2TRIrOMWIkduuHVw=. You may increase the limit by upgrading. https://www.docker.com/increase-rate-limit",
                "status": "ERROR"
            },
            {
                "message": "Failed to generate version v1.10.0 for extension bluerobotics.cockpit, error: Error on Docker Registry API with status 429 on call to https://registry-1.docker.io/v2/bluerobotics/cockpit/manifests/v1.10.0: TOOMANYREQUESTS - You have reached your pull rate limit as 'deepwaterexploration': dckr_jti_X12bB--cRydLSj0DysPkxs5KYq0=. You may increase the limit by upgrading. https://www.docker.com/increase-rate-limit",
                "status": "ERROR"
            },
            {
                "message": "Failed to generate version v1.3.2 for extension bluerobotics.cockpit, error: Error on Docker Registry API with status 429 on call to https://registry-1.docker.io/v2/bluerobotics/cockpit/manifests/v1.3.2: TOOMANYREQUESTS - You have reached your pull rate limit as 'deepwaterexploration': dckr_jti_mX0pAz1gD91bgHCg9qiIcgLEMr0=. You may increase the limit by upgrading. https://www.docker.com/increase-rate-limit",
                "status": "ERROR"
            },
            {
                "message": "Failed to generate version v1.14.0 for extension bluerobotics.cockpit, error: Error on Docker Registry API with status 429 on call to https://registry-1.docker.io/v2/bluerobotics/cockpit/manifests/v1.14.0: TOOMANYREQUESTS - You have reached your pull rate limit as 'deepwaterexploration': dckr_jti_eFFXZAxU6UsJgkVRHVUnuIE--68=. You may increase the limit by upgrading. https://www.docker.com/increase-rate-limit",
                "status": "ERROR"
            },
            {
                "message": "Failed to generate version v1.11.1 for extension bluerobotics.cockpit, error: Error on Docker Registry API with status 429 on call to https://registry-1.docker.io/v2/bluerobotics/cockpit/manifests/v1.11.1: TOOMANYREQUESTS - You have reached your pull rate limit as 'deepwaterexploration': dckr_jti_933d1ADgvqeRhmpcsO6wnRNlbaI=. You may increase the limit by upgrading. https://www.docker.com/increase-rate-limit",
                "status": "ERROR"
            },
            {
                "message": "Failed to generate version v1.11.2 for extension bluerobotics.cockpit, error: Error on Docker Registry API with status 429 on call to https://registry-1.docker.io/v2/bluerobotics/cockpit/manifests/v1.11.2: TOOMANYREQUESTS - You have reached your pull rate limit as 'deepwaterexploration': dckr_jti_fXVulSpBMV-QBq94VjTFa0u2vgg=. You may increase the limit by upgrading. https://www.docker.com/increase-rate-limit",
                "status": "ERROR"
            },
            {
                "message": "Failed to generate version v1.3.1 for extension bluerobotics.cockpit, error: Error on Docker Registry API with status 429 on call to https://registry-1.docker.io/v2/bluerobotics/cockpit/manifests/v1.3.1: TOOMANYREQUESTS - You have reached your pull rate limit as 'deepwaterexploration': dckr_jti_WRuqWdshpyex3OjCsVeq5Wr4Ht0=. You may increase the limit by upgrading. https://www.docker.com/increase-rate-limit",
                "status": "ERROR"
            },
            {
                "message": "Failed to generate version v1.12.1 for extension bluerobotics.cockpit, error: Error on Docker Registry API with status 429 on call to https://registry-1.docker.io/v2/bluerobotics/cockpit/manifests/v1.12.1: TOOMANYREQUESTS - You have reached your pull rate limit as 'deepwaterexploration': dckr_jti_mpoATqTwzCnflp-N3Bw-DXdwnNo=. You may increase the limit by upgrading. https://www.docker.com/increase-rate-limit",
                "status": "ERROR"
            },
            {
                "message": "Failed to generate version 1.7.0 for extension bluerobotics.cockpit, error: Error on Docker Registry API with status 429 on call to https://registry-1.docker.io/v2/bluerobotics/cockpit/manifests/1.7.0: TOOMANYREQUESTS - You have reached your pull rate limit as 'deepwaterexploration': dckr_jti_u2LMaxoQyE8v8xDn1gBrl1pncJk=. You may increase the limit by upgrading. https://www.docker.com/increase-rate-limit",
                "status": "ERROR"
            },
            {
                "message": "Failed to generate version v1.11.0 for extension bluerobotics.cockpit, error: Error on Docker Registry API with status 429 on call to https://registry-1.docker.io/v2/bluerobotics/cockpit/manifests/v1.11.0: TOOMANYREQUESTS - You have reached your pull rate limit as 'deepwaterexploration': dckr_jti_qN68dmrbj99MXchjoAhFEuhQ1Aw=. You may increase the limit by upgrading. https://www.docker.com/increase-rate-limit",
                "status": "ERROR"
            },
            {
                "message": "Failed to generate version v1.9.0 for extension bluerobotics.cockpit, error: Error on Docker Registry API with status 429 on call to https://registry-1.docker.io/v2/bluerobotics/cockpit/manifests/v1.9.0: TOOMANYREQUESTS - You have reached your pull rate limit as 'deepwaterexploration': dckr_jti_JLeJiDuWbiqcwXF-Zj8uNzVNUGg=. You may increase the limit by upgrading. https://www.docker.com/increase-rate-limit",
                "status": "ERROR"
            },
            {
                "message": "Failed to generate version v1.7.1 for extension bluerobotics.cockpit, error: Error on Docker Registry API with status 429 on call to https://registry-1.docker.io/v2/bluerobotics/cockpit/manifests/v1.7.1: TOOMANYREQUESTS - You have reached your pull rate limit as 'deepwaterexploration': dckr_jti_eQeffqM9Z6Z5JzdoTqZ3dDceWBo=. You may increase the limit by upgrading. https://www.docker.com/increase-rate-limit",
                "status": "ERROR"
            },
            {
                "message": "Failed to generate version v1.4.1 for extension bluerobotics.cockpit, error: Error on Docker Registry API with status 429 on call to https://registry-1.docker.io/v2/bluerobotics/cockpit/manifests/v1.4.1: TOOMANYREQUESTS - You have reached your pull rate limit as 'deepwaterexploration': dckr_jti_XQ6xYi1vZGlLYYiHeClUk4s9N6o=. You may increase the limit by upgrading. https://www.docker.com/increase-rate-limit",
                "status": "ERROR"
            },
            {
                "message": "Failed to generate version v1.12.2 for extension bluerobotics.cockpit, error: Error on Docker Registry API with status 429 on call to https://registry-1.docker.io/v2/bluerobotics/cockpit/manifests/v1.12.2: TOOMANYREQUESTS - You have reached your pull rate limit as 'deepwaterexploration': dckr_jti_h2gkwUbv6PNMN-6oSzCMH_onjc4=. You may increase the limit by upgrading. https://www.docker.com/increase-rate-limit",
                "status": "ERROR"
            },
            {
                "message": "Failed to generate version v1.10.1 for extension bluerobotics.cockpit, error: Error on Docker Registry API with status 429 on call to https://registry-1.docker.io/v2/bluerobotics/cockpit/manifests/v1.10.1: TOOMANYREQUESTS - You have reached your pull rate limit as 'deepwaterexploration': dckr_jti_1ek_JaVEkUTYan1Va8w5nTB6WNo=. You may increase the limit by upgrading. https://www.docker.com/increase-rate-limit",
                "status": "ERROR"
            }
        ],
        "bluerobotics.jupyter": [
            {
                "message": "Starting metadata processing for bluerobotics.jupyter",
                "status": "INFO"
            },
            {
                "message": "Finished metadata processing for bluerobotics.jupyter",
                "status": "INFO"
            },
            {
                "message": "Invalid tag name latest for extension bluerobotics.jupyter, error: Invalid version naming: latest",
                "status": "ERROR"
            },
            {
                "message": "Invalid tag name main for extension bluerobotics.jupyter, error: Invalid version naming: main",
                "status": "ERROR"
            },
            {
                "message": "Generated version entry 0.1.0 for extension bluerobotics.jupyter",
                "status": "INFO"
            },
            {
                "message": "Generated version entry 0.2.0 for extension bluerobotics.jupyter",
                "status": "INFO"
            },
            {
                "message": "Generated version entry 0.0.0 for extension bluerobotics.jupyter",
                "status": "INFO"
            }
        ],
        "bluerobotics.navigator-webassistant": [
            {
                "message": "Starting metadata processing for bluerobotics.navigator-webassistant",
                "status": "INFO"
            },
            {
                "message": "Finished metadata processing for bluerobotics.navigator-webassistant",
                "status": "INFO"
            },
            {
                "message": "Invalid tag name latest for extension bluerobotics.navigator-webassistant, error: Invalid version naming: latest",
                "status": "ERROR"
            },
            {
                "message": "Generated version entry 0.0.0 for extension bluerobotics.navigator-webassistant",
                "status": "INFO"
            }
        ],
        "bluerobotics.node-red": [
            {
                "message": "Starting metadata processing for bluerobotics.node-red",
                "status": "INFO"
            },
            {
                "message": "Finished metadata processing for bluerobotics.node-red",
                "status": "INFO"
            },
            {
                "message": "Invalid tag name update-node-red for extension bluerobotics.node-red, error: Invalid version naming: update-node-red",
                "status": "ERROR"
            },
            {
                "message": "Generated version entry 1.1.0 for extension bluerobotics.node-red",
                "status": "INFO"
            },
            {
                "message": "Generated version entry 1.0.0 for extension bluerobotics.node-red",
                "status": "INFO"
            },
            {
                "message": "Generated version entry 1.0.3 for extension bluerobotics.node-red",
                "status": "INFO"
            },
            {
                "message": "Generated version entry 1.0.2 for extension bluerobotics.node-red",
                "status": "INFO"
            },
            {
                "message": "Generated version entry 1.0.1 for extension bluerobotics.node-red",
                "status": "INFO"
            }
        ],
        "bluerobotics.openvscode": [
            {
                "message": "Starting metadata processing for bluerobotics.openvscode",
                "status": "INFO"
            },
            {
                "message": "Finished metadata processing for bluerobotics.openvscode",
                "status": "INFO"
            },
            {
                "message": "Invalid tag name latest for extension bluerobotics.openvscode, error: Invalid version naming: latest",
                "status": "ERROR"
            },
            {
                "message": "Failed to generate version 1.1.2 for extension bluerobotics.openvscode, error: Error on Docker Registry API with status 429 on call to https://registry-1.docker.io/v2/patrickelectric/blueos-openvscode/manifests/sha256:6c4f9d55d5a55b557d473ad47b08493e56be4801d44744a151598505a80f2d38: TOOMANYREQUESTS - You have reached your pull rate limit as 'deepwaterexploration': dckr_jti_PoX4kyIcFhGuEUouGBY1CS823qQ=. You may increase the limit by upgrading. https://www.docker.com/increase-rate-limit",
                "status": "ERROR"
            },
            {
                "message": "Failed to generate version 1.0.1 for extension bluerobotics.openvscode, error: Error on Docker Registry API with status 429 on call to https://registry-1.docker.io/v2/patrickelectric/blueos-openvscode/manifests/sha256:dee5ee2a9c888be36172b674b9284a9434147874af39ca6680c017de0dfa8610: TOOMANYREQUESTS - You have reached your pull rate limit as 'deepwaterexploration': dckr_jti_PoX4kyIcFhGuEUouGBY1CS823qQ=. You may increase the limit by upgrading. https://www.docker.com/increase-rate-limit",
                "status": "ERROR"
            },
            {
                "message": "Failed to generate version 1.1.0 for extension bluerobotics.openvscode, error: Error on Docker Registry API with status 429 on call to https://registry-1.docker.io/v2/patrickelectric/blueos-openvscode/manifests/sha256:c4bfff1256818710af76d7b9ca2cfff8d98f2edcacf745c2b460a5166d822ece: TOOMANYREQUESTS - You have reached your pull rate limit as 'deepwaterexploration': dckr_jti_PoX4kyIcFhGuEUouGBY1CS823qQ=. You may increase the limit by upgrading. https://www.docker.com/increase-rate-limit",
                "status": "ERROR"
            },
            {
                "message": "Failed to generate version 1.0.4 for extension bluerobotics.openvscode, error: Error on Docker Registry API with status 429 on call to https://registry-1.docker.io/v2/patrickelectric/blueos-openvscode/manifests/sha256:de3c0417bb5f8ff88cefc38e78d8706116d8ae9726c2ab4262af5a7580e7567c: TOOMANYREQUESTS - You have reached your pull rate limit as 'deepwaterexploration': dckr_jti_PoX4kyIcFhGuEUouGBY1CS823qQ=. You may increase the limit by upgrading. https://www.docker.com/increase-rate-limit",
                "status": "ERROR"
            },
            {
                "message": "Failed to generate version 1.0.0 for extension bluerobotics.openvscode, error: Error on Docker Registry API with status 429 on call to https://registry-1.docker.io/v2/patrickelectric/blueos-openvscode/manifests/sha256:fafa0fa8ef1e93fc13f8db0da55157fc95303a4b5c2bccd00cf670aaae8b5d3e: TOOMANYREQUESTS - You have reached your pull rate limit as 'deepwaterexploration': dckr_jti_PoX4kyIcFhGuEUouGBY1CS823qQ=. You may increase the limit by upgrading. https://www.docker.com/increase-rate-limit",
                "status": "ERROR"
            },
            {
                "message": "Failed to generate version 1.0.3 for extension bluerobotics.openvscode, error: Error on Docker Registry API with status 429 on call to https://registry-1.docker.io/v2/patrickelectric/blueos-openvscode/manifests/sha256:5647c270f0f05c688748e58912aa139e1d82b8801ccf23b4997631e13f89abe9: TOOMANYREQUESTS - You have reached your pull rate limit as 'deepwaterexploration': dckr_jti_PoX4kyIcFhGuEUouGBY1CS823qQ=. You may increase the limit by upgrading. https://www.docker.com/increase-rate-limit",
                "status": "ERROR"
            },
            {
                "message": "Failed to generate version 1.0.6 for extension bluerobotics.openvscode, error: Error on Docker Registry API with status 429 on call to https://registry-1.docker.io/v2/patrickelectric/blueos-openvscode/manifests/sha256:a917f9dc8ea4b6c8c55d2d740d28e034ee0e83e46422a8bb6a40e9fe8b8b5af6: TOOMANYREQUESTS - You have reached your pull rate limit as 'deepwaterexploration': dckr_jti_PoX4kyIcFhGuEUouGBY1CS823qQ=. You may increase the limit by upgrading. https://www.docker.com/increase-rate-limit",
                "status": "ERROR"
            },
            {
                "message": "Failed to generate version 1.0.2 for extension bluerobotics.openvscode, error: Error on Docker Registry API with status 429 on call to https://registry-1.docker.io/v2/patrickelectric/blueos-openvscode/manifests/sha256:933474f7fb3e1223b29b1fd6c1b382d8ca40635e2513d322fed6d052f2c2a8f1: TOOMANYREQUESTS - You have reached your pull rate limit as 'deepwaterexploration': dckr_jti_PoX4kyIcFhGuEUouGBY1CS823qQ=. You may increase the limit by upgrading. https://www.docker.com/increase-rate-limit",
                "status": "ERROR"
            },
            {
                "message": "Failed to generate version 1.0.7 for extension bluerobotics.openvscode, error: Error on Docker Registry API with status 429 on call to https://registry-1.docker.io/v2/patrickelectric/blueos-openvscode/manifests/sha256:b145ec2696af559d0df0ef81cd3428627332bcc3bab0f6a531b668a4fac63be7: TOOMANYREQUESTS - You have reached your pull rate limit as 'deepwaterexploration': dckr_jti_PoX4kyIcFhGuEUouGBY1CS823qQ=. You may increase the limit by upgrading. https://www.docker.com/increase-rate-limit",
                "status": "ERROR"
            },
            {
                "message": "Failed to generate version 1.0.5 for extension bluerobotics.openvscode, error: Error on Docker Registry API with status 429 on call to https://registry-1.docker.io/v2/patrickelectric/blueos-openvscode/manifests/sha256:fca3d0af07145c5a4b15ed014f9e7db84d2f358b4d22716cf0fda8d31cbc479b: TOOMANYREQUESTS - You have reached your pull rate limit as 'deepwaterexploration': dckr_jti_PoX4kyIcFhGuEUouGBY1CS823qQ=. You may increase the limit by upgrading. https://www.docker.com/increase-rate-limit",
                "status": "ERROR"
            },
            {
                "message": "Failed to generate version 1.1.1 for extension bluerobotics.openvscode, error: Error on Docker Registry API with status 429 on call to https://registry-1.docker.io/v2/patrickelectric/blueos-openvscode/manifests/sha256:36249d2e485389d1a2cc2470160a2452236bba9684a1050f9a1a83bda032579e: TOOMANYREQUESTS - You have reached your pull rate limit as 'deepwaterexploration': dckr_jti_PoX4kyIcFhGuEUouGBY1CS823qQ=. You may increase the limit by upgrading. https://www.docker.com/increase-rate-limit",
                "status": "ERROR"
            }
        ],
        "bluerobotics.power-switch-calibration": [
            {
                "message": "Starting metadata processing for bluerobotics.power-switch-calibration",
                "status": "INFO"
            },
            {
                "message": "Finished metadata processing for bluerobotics.power-switch-calibration",
                "status": "INFO"
            },
            {
                "message": "Invalid tag name latest for extension bluerobotics.power-switch-calibration, error: Invalid version naming: latest",
                "status": "ERROR"
            },
            {
                "message": "Generated version entry v1.0.0 for extension bluerobotics.power-switch-calibration",
                "status": "INFO"
            }
        ],
        "bluerobotics.ros": [
            {
                "message": "Starting metadata processing for bluerobotics.ros",
                "status": "INFO"
            },
            {
                "message": "Finished metadata processing for bluerobotics.ros",
                "status": "INFO"
            },
            {
                "message": "Invalid tag name test for extension bluerobotics.ros, error: Invalid version naming: test",
                "status": "ERROR"
            },
            {
                "message": "Invalid tag name latest for extension bluerobotics.ros, error: Invalid version naming: latest",
                "status": "ERROR"
            },
            {
                "message": "Failed to generate version 0.0.2 for extension bluerobotics.ros, error: Error on Docker Registry API with status 429 on call to https://registry-1.docker.io/v2/patrickelectric/blueos-ros/manifests/sha256:a9a2112b8cc7df5fefab629d79aa50c7cf68f6f205afe5f7fa44ed343072517a: TOOMANYREQUESTS - You have reached your pull rate limit as 'deepwaterexploration': dckr_jti_zhB3HX6tAgO0I9g1jds0KXHETJc=. You may increase the limit by upgrading. https://www.docker.com/increase-rate-limit",
                "status": "ERROR"
            },
            {
                "message": "Generated version entry 0.0.1 for extension bluerobotics.ros",
                "status": "INFO"
            }
        ],
        "bluerobotics.water-linked-dvl": [
            {
                "message": "Starting metadata processing for bluerobotics.water-linked-dvl",
                "status": "INFO"
            },
            {
                "message": "Finished metadata processing for bluerobotics.water-linked-dvl",
                "status": "INFO"
            },
            {
                "message": "Invalid tag name master for extension bluerobotics.water-linked-dvl, error: Invalid version naming: master",
                "status": "ERROR"
            },
            {
                "message": "Invalid tag name v1.0 for extension bluerobotics.water-linked-dvl, error: Invalid version naming: v1.0",
                "status": "ERROR"
            },
            {
                "message": "Invalid tag name latest for extension bluerobotics.water-linked-dvl, error: Invalid version naming: latest",
                "status": "ERROR"
            },
            {
                "message": "Failed to generate version v1.0.1 for extension bluerobotics.water-linked-dvl, error: Error on Docker Registry API with status 429 on call to https://registry-1.docker.io/v2/bluerobotics/blueos-water-linked-dvl/manifests/sha256:65115990f649c932a39466fc846aaf671608b441c1e8e8448b8cd4496204d88d: TOOMANYREQUESTS - You have reached your pull rate limit as 'deepwaterexploration': dckr_jti_SroiWlfNlLgxu_VIU__pLZzpBhk=. You may increase the limit by upgrading. https://www.docker.com/increase-rate-limit",
                "status": "ERROR"
            },
            {
                "message": "Failed to generate version v1.0.4 for extension bluerobotics.water-linked-dvl, error: Error on Docker Registry API with status 429 on call to https://registry-1.docker.io/v2/bluerobotics/blueos-water-linked-dvl/manifests/sha256:f8ee948cb512af09d2cab3cc92cc39de0bc802645f382033ba7c5d5972f7c541: TOOMANYREQUESTS - You have reached your pull rate limit as 'deepwaterexploration': dckr_jti_SroiWlfNlLgxu_VIU__pLZzpBhk=. You may increase the limit by upgrading. https://www.docker.com/increase-rate-limit",
                "status": "ERROR"
            },
            {
                "message": "Failed to generate version v1.0.6 for extension bluerobotics.water-linked-dvl, error: Error on Docker Registry API with status 429 on call to https://registry-1.docker.io/v2/bluerobotics/blueos-water-linked-dvl/manifests/sha256:5c4cc57ab14bbc3c32fc83aefad9f4ef6ab244411b1f80c4511fd6f70535fb48: TOOMANYREQUESTS - You have reached your pull rate limit as 'deepwaterexploration': dckr_jti_SroiWlfNlLgxu_VIU__pLZzpBhk=. You may increase the limit by upgrading. https://www.docker.com/increase-rate-limit",
                "status": "ERROR"
            },
            {
                "message": "Failed to generate version v1.0.3 for extension bluerobotics.water-linked-dvl, error: Error on Docker Registry API with status 429 on call to https://registry-1.docker.io/v2/bluerobotics/blueos-water-linked-dvl/manifests/sha256:18c4bf17906b278c44e840b40f8561928283ea151f48958ef42dd8ee0d95eb48: TOOMANYREQUESTS - You have reached your pull rate limit as 'deepwaterexploration': dckr_jti_SroiWlfNlLgxu_VIU__pLZzpBhk=. You may increase the limit by upgrading. https://www.docker.com/increase-rate-limit",
                "status": "ERROR"
            },
            {
                "message": "Failed to generate version v1.0.5 for extension bluerobotics.water-linked-dvl, error: Error on Docker Registry API with status 429 on call to https://registry-1.docker.io/v2/bluerobotics/blueos-water-linked-dvl/manifests/sha256:7af61750294fa6eb726e73f855d6ec207ba7bf2c0af1e1ac9626c9e29b54a924: TOOMANYREQUESTS - You have reached your pull rate limit as 'deepwaterexploration': dckr_jti_SroiWlfNlLgxu_VIU__pLZzpBhk=. You may increase the limit by upgrading. https://www.docker.com/increase-rate-limit",
                "status": "ERROR"
            },
            {
                "message": "Failed to generate version v1.0.7 for extension bluerobotics.water-linked-dvl, error: Error on Docker Registry API with status 429 on call to https://registry-1.docker.io/v2/bluerobotics/blueos-water-linked-dvl/manifests/sha256:b96869c28654831900781874f50eb75649b5b600a88abdfcbdfb30fc5fcd12e3: TOOMANYREQUESTS - You have reached your pull rate limit as 'deepwaterexploration': dckr_jti_SroiWlfNlLgxu_VIU__pLZzpBhk=. You may increase the limit by upgrading. https://www.docker.com/increase-rate-limit",
                "status": "ERROR"
            },
            {
                "message": "Failed to generate version v1.0.8 for extension bluerobotics.water-linked-dvl, error: Error on Docker Registry API with status 429 on call to https://registry-1.docker.io/v2/bluerobotics/blueos-water-linked-dvl/manifests/sha256:5fc14875bc39ee7e24213fe23941fc47c09476f9563abc388e77a2f1f09d04b2: TOOMANYREQUESTS - You have reached your pull rate limit as 'deepwaterexploration': dckr_jti_SroiWlfNlLgxu_VIU__pLZzpBhk=. You may increase the limit by upgrading. https://www.docker.com/increase-rate-limit",
                "status": "ERROR"
            },
            {
                "message": "Failed to generate version v1.0.2 for extension bluerobotics.water-linked-dvl, error: Error on Docker Registry API with status 429 on call to https://registry-1.docker.io/v2/bluerobotics/blueos-water-linked-dvl/manifests/sha256:1e8607b8ea94b70337ada4b84941aa38fcccb06b0c630122d07c2dc66e64630d: TOOMANYREQUESTS - You have reached your pull rate limit as 'deepwaterexploration': dckr_jti_SroiWlfNlLgxu_VIU__pLZzpBhk=. You may increase the limit by upgrading. https://www.docker.com/increase-rate-limit",
                "status": "ERROR"
            },
            {
                "message": "Generated version entry v1.0.0 for extension bluerobotics.water-linked-dvl",
                "status": "INFO"
            }
        ],
        "bluerobotics.yacht": [
            {
                "message": "Starting metadata processing for bluerobotics.yacht",
                "status": "INFO"
            },
            {
                "message": "Finished metadata processing for bluerobotics.yacht",
                "status": "INFO"
            },
            {
                "message": "Generated version entry 1.0.0 for extension bluerobotics.yacht",
                "status": "INFO"
            }
        ],
        "ceruleansonar.cerulean-docs": [
            {
                "message": "Starting metadata processing for ceruleansonar.cerulean-docs",
                "status": "INFO"
            },
            {
                "message": "Extension logo not found for ceruleansonar.cerulean-docs, trying to use company logo as alternative",
                "status": "WARNING"
            },
            {
                "message": "Finished metadata processing for ceruleansonar.cerulean-docs",
                "status": "INFO"
            },
            {
                "message": "Invalid tag name latest for extension ceruleansonar.cerulean-docs, error: Invalid version naming: latest",
                "status": "ERROR"
            },
            {
                "message": "Failed to generate version v1.1.0 for extension ceruleansonar.cerulean-docs, error: Error on Docker Registry API with status 429 on call to https://registry-1.docker.io/v2/nicknothom/blueos-cerulean-docs/manifests/sha256:bb85774c6ced6dae9b9b75cc66a3c0f2aeb20c61b5cb5ad37e393f688c93e843: TOOMANYREQUESTS - You have reached your pull rate limit as 'deepwaterexploration': dckr_jti_8REW7kCMGf5dnvZKdpSWYRygzYE=. You may increase the limit by upgrading. https://www.docker.com/increase-rate-limit",
                "status": "ERROR"
            },
            {
                "message": "Generated version entry v1.0.0 for extension ceruleansonar.cerulean-docs",
                "status": "INFO"
            }
        ],
        "ceruleansonar.cerulean-dvl": [
            {
                "message": "Starting metadata processing for ceruleansonar.cerulean-dvl",
                "status": "INFO"
            },
            {
                "message": "Extension logo not found for ceruleansonar.cerulean-dvl, trying to use company logo as alternative",
                "status": "WARNING"
            },
            {
                "message": "Finished metadata processing for ceruleansonar.cerulean-dvl",
                "status": "INFO"
            },
            {
                "message": "Invalid tag name latest for extension ceruleansonar.cerulean-dvl, error: Invalid version naming: latest",
                "status": "ERROR"
            },
            {
                "message": "Generated version entry v1.0.5 for extension ceruleansonar.cerulean-dvl",
                "status": "INFO"
            },
            {
                "message": "Generated version entry v1.0.1 for extension ceruleansonar.cerulean-dvl",
                "status": "INFO"
            },
            {
                "message": "Generated version entry v1.0.6 for extension ceruleansonar.cerulean-dvl",
                "status": "INFO"
            },
            {
                "message": "Generated version entry v1.0.2 for extension ceruleansonar.cerulean-dvl",
                "status": "INFO"
            },
            {
                "message": "Generated version entry v1.0.4 for extension ceruleansonar.cerulean-dvl",
                "status": "INFO"
            },
            {
                "message": "Generated version entry v1.0.7 for extension ceruleansonar.cerulean-dvl",
                "status": "INFO"
            },
            {
                "message": "Generated version entry v1.0.8 for extension ceruleansonar.cerulean-dvl",
                "status": "INFO"
            }
        ],
        "ceruleansonar.sonarview": [
            {
                "message": "Starting metadata processing for ceruleansonar.sonarview",
                "status": "INFO"
            },
            {
                "message": "Extension logo not found for ceruleansonar.sonarview, trying to use company logo as alternative",
                "status": "WARNING"
            },
            {
                "message": "Finished metadata processing for ceruleansonar.sonarview",
                "status": "INFO"
            },
            {
                "message": "Invalid tag name 1.10.0_dev.11 for extension ceruleansonar.sonarview, error: Invalid version naming: 1.10.0_dev.11",
                "status": "ERROR"
            },
            {
                "message": "Failed to generate version 1.13.5-beta for extension ceruleansonar.sonarview, error: Expected one valid manifest for target embedded arch but found: 0",
                "status": "ERROR"
            },
            {
                "message": "Failed to generate version 1.13.2-dev for extension ceruleansonar.sonarview, error: Expected one valid manifest for target embedded arch but found: 0",
                "status": "ERROR"
            },
            {
                "message": "Failed to generate version 1.13.10 for extension ceruleansonar.sonarview, error: Error on Docker Registry API with status 429 on call to https://registry-1.docker.io/v2/nicknothom/sonarview/manifests/sha256:65f3abbec0d61b228ffe7162078988199888d8b0318c1815593a2b9383ad66ae: TOOMANYREQUESTS - You have reached your pull rate limit as 'deepwaterexploration': dckr_jti_O1CXRVakNobyfpJc988xJuz5sDs=. You may increase the limit by upgrading. https://www.docker.com/increase-rate-limit",
                "status": "ERROR"
            },
            {
                "message": "Failed to generate version 1.10.2-beta for extension ceruleansonar.sonarview, error: Error on Docker Registry API with status 429 on call to https://registry-1.docker.io/v2/nicknothom/sonarview/manifests/sha256:dc079a313915976ec9af36eccc1b6cbff273b9277ff5266f84882049e40d0186: TOOMANYREQUESTS - You have reached your pull rate limit as 'deepwaterexploration': dckr_jti_O1CXRVakNobyfpJc988xJuz5sDs=. You may increase the limit by upgrading. https://www.docker.com/increase-rate-limit",
                "status": "ERROR"
            },
            {
                "message": "Failed to generate version 1.10.0-beta.11 for extension ceruleansonar.sonarview, error: Error on Docker Registry API with status 429 on call to https://registry-1.docker.io/v2/nicknothom/sonarview/manifests/sha256:588e8164b3a0b2271228d951dbee79965b3c9689c45b1186a49ce9a80b819c3f: TOOMANYREQUESTS - You have reached your pull rate limit as 'deepwaterexploration': dckr_jti_O1CXRVakNobyfpJc988xJuz5sDs=. You may increase the limit by upgrading. https://www.docker.com/increase-rate-limit",
                "status": "ERROR"
            },
            {
                "message": "Failed to generate version 1.10.0-beta.5 for extension ceruleansonar.sonarview, error: Error on Docker Registry API with status 429 on call to https://registry-1.docker.io/v2/nicknothom/sonarview/manifests/sha256:8fa0cb03edec8552eb104850491165926039a031687de6fd3f8db05cd3b42024: TOOMANYREQUESTS - You have reached your pull rate limit as 'deepwaterexploration': dckr_jti_O1CXRVakNobyfpJc988xJuz5sDs=. You may increase the limit by upgrading. https://www.docker.com/increase-rate-limit",
                "status": "ERROR"
            },
            {
                "message": "Failed to generate version 1.11.6 for extension ceruleansonar.sonarview, error: Error on Docker Registry API with status 429 on call to https://registry-1.docker.io/v2/nicknothom/sonarview/manifests/sha256:0887c6e0c0a04b99f1f49363f8d96a7abc3f5e5b8365600d0c5d762f20040b7d: TOOMANYREQUESTS - You have reached your pull rate limit as 'deepwaterexploration': dckr_jti_O1CXRVakNobyfpJc988xJuz5sDs=. You may increase the limit by upgrading. https://www.docker.com/increase-rate-limit",
                "status": "ERROR"
            },
            {
                "message": "Failed to generate version 1.13.15 for extension ceruleansonar.sonarview, error: Error on Docker Registry API with status 429 on call to https://registry-1.docker.io/v2/nicknothom/sonarview/manifests/sha256:dce8339f8b3f216e48324d4cb78fd86947995d5f066dd20a6c33223e239da82d: TOOMANYREQUESTS - You have reached your pull rate limit as 'deepwaterexploration': dckr_jti_O1CXRVakNobyfpJc988xJuz5sDs=. You may increase the limit by upgrading. https://www.docker.com/increase-rate-limit",
                "status": "ERROR"
            },
            {
                "message": "Failed to generate version 1.10.0-beta.12 for extension ceruleansonar.sonarview, error: Error on Docker Registry API with status 429 on call to https://registry-1.docker.io/v2/nicknothom/sonarview/manifests/sha256:fdeb4a8e8dd78ac86f12da10ce85bbe34620cdec12f76d7b48e938a57f05cda9: TOOMANYREQUESTS - You have reached your pull rate limit as 'deepwaterexploration': dckr_jti_O1CXRVakNobyfpJc988xJuz5sDs=. You may increase the limit by upgrading. https://www.docker.com/increase-rate-limit",
                "status": "ERROR"
            },
            {
                "message": "Failed to generate version 1.9.12 for extension ceruleansonar.sonarview, error: Error on Docker Registry API with status 429 on call to https://registry-1.docker.io/v2/nicknothom/sonarview/manifests/sha256:d3f23d2b3c9cb79a7d476e929d68a86ede6a2eb1c7aef38241ac02c9f5abc966: TOOMANYREQUESTS - You have reached your pull rate limit as 'deepwaterexploration': dckr_jti_O1CXRVakNobyfpJc988xJuz5sDs=. You may increase the limit by upgrading. https://www.docker.com/increase-rate-limit",
                "status": "ERROR"
            },
            {
                "message": "Failed to generate version 1.10.2-beta.3 for extension ceruleansonar.sonarview, error: Error on Docker Registry API with status 429 on call to https://registry-1.docker.io/v2/nicknothom/sonarview/manifests/sha256:6197170208f4a67016af98439f22059cace4018fd2023d35759465f84a3123e4: TOOMANYREQUESTS - You have reached your pull rate limit as 'deepwaterexploration': dckr_jti_O1CXRVakNobyfpJc988xJuz5sDs=. You may increase the limit by upgrading. https://www.docker.com/increase-rate-limit",
                "status": "ERROR"
            },
            {
                "message": "Failed to generate version 1.11.3 for extension ceruleansonar.sonarview, error: Error on Docker Registry API with status 429 on call to https://registry-1.docker.io/v2/nicknothom/sonarview/manifests/sha256:b87cd4b2325eaa733cb6c55d76901b125ea65593f3b4549b3aa87c23a8347c57: TOOMANYREQUESTS - You have reached your pull rate limit as 'deepwaterexploration': dckr_jti_O1CXRVakNobyfpJc988xJuz5sDs=. You may increase the limit by upgrading. https://www.docker.com/increase-rate-limit",
                "status": "ERROR"
            },
            {
                "message": "Failed to generate version 1.13.12 for extension ceruleansonar.sonarview, error: Error on Docker Registry API with status 429 on call to https://registry-1.docker.io/v2/nicknothom/sonarview/manifests/sha256:caab67d529425bf129461e8e0c1f0de96d90e68839d705def824f88a0645e926: TOOMANYREQUESTS - You have reached your pull rate limit as 'deepwaterexploration': dckr_jti_O1CXRVakNobyfpJc988xJuz5sDs=. You may increase the limit by upgrading. https://www.docker.com/increase-rate-limit",
                "status": "ERROR"
            },
            {
                "message": "Failed to generate version 1.10.0-beta.1 for extension ceruleansonar.sonarview, error: Error on Docker Registry API with status 429 on call to https://registry-1.docker.io/v2/nicknothom/sonarview/manifests/sha256:85161c073ce12e2097dda21e71e5802b274c470d939ef8ae2a09fd09f0ef2b7c: TOOMANYREQUESTS - You have reached your pull rate limit as 'deepwaterexploration': dckr_jti_O1CXRVakNobyfpJc988xJuz5sDs=. You may increase the limit by upgrading. https://www.docker.com/increase-rate-limit",
                "status": "ERROR"
            },
            {
                "message": "Failed to generate version 1.10.0 for extension ceruleansonar.sonarview, error: Error on Docker Registry API with status 429 on call to https://registry-1.docker.io/v2/nicknothom/sonarview/manifests/sha256:89320f349fe49896676c0dc39122a9cfca50d01aa5d1b062e0445a6c6260acc1: TOOMANYREQUESTS - You have reached your pull rate limit as 'deepwaterexploration': dckr_jti_O1CXRVakNobyfpJc988xJuz5sDs=. You may increase the limit by upgrading. https://www.docker.com/increase-rate-limit",
                "status": "ERROR"
            },
            {
                "message": "Failed to generate version 1.10.0-beta.10 for extension ceruleansonar.sonarview, error: Error on Docker Registry API with status 429 on call to https://registry-1.docker.io/v2/nicknothom/sonarview/manifests/sha256:aed2ec3f11c34455849d7df0202ad696e142cccf4f3cac6bf46c4e9ae781e0eb: TOOMANYREQUESTS - You have reached your pull rate limit as 'deepwaterexploration': dckr_jti_O1CXRVakNobyfpJc988xJuz5sDs=. You may increase the limit by upgrading. https://www.docker.com/increase-rate-limit",
                "status": "ERROR"
            },
            {
                "message": "Failed to generate version 1.13.11 for extension ceruleansonar.sonarview, error: Error on Docker Registry API with status 429 on call to https://registry-1.docker.io/v2/nicknothom/sonarview/manifests/sha256:745e5130a28c63908a79d74f427a0698d47aeab6879ffd5ae46120e40a034f71: TOOMANYREQUESTS - You have reached your pull rate limit as 'deepwaterexploration': dckr_jti_O1CXRVakNobyfpJc988xJuz5sDs=. You may increase the limit by upgrading. https://www.docker.com/increase-rate-limit",
                "status": "ERROR"
            },
            {
                "message": "Failed to generate version 1.13.9-beta for extension ceruleansonar.sonarview, error: Error on Docker Registry API with status 429 on call to https://registry-1.docker.io/v2/nicknothom/sonarview/manifests/sha256:475ae1ccb232eccca9ee38e516be6b384ab649f90dd94c86548728c4b92319f7: TOOMANYREQUESTS - You have reached your pull rate limit as 'deepwaterexploration': dckr_jti_O1CXRVakNobyfpJc988xJuz5sDs=. You may increase the limit by upgrading. https://www.docker.com/increase-rate-limit",
                "status": "ERROR"
            },
            {
                "message": "Failed to generate version 1.10.0-beta.4 for extension ceruleansonar.sonarview, error: Error on Docker Registry API with status 429 on call to https://registry-1.docker.io/v2/nicknothom/sonarview/manifests/sha256:573434b0d1ad6e9a65bd1a29ec77ee16ed7392411b73adc6a739d2acbec3481d: TOOMANYREQUESTS - You have reached your pull rate limit as 'deepwaterexploration': dckr_jti_O1CXRVakNobyfpJc988xJuz5sDs=. You may increase the limit by upgrading. https://www.docker.com/increase-rate-limit",
                "status": "ERROR"
            },
            {
                "message": "Failed to generate version 1.11.1 for extension ceruleansonar.sonarview, error: Error on Docker Registry API with status 429 on call to https://registry-1.docker.io/v2/nicknothom/sonarview/manifests/sha256:4ddfc5a90e90ec6a3e5bc98f2cbc967c9ae4087ead74130125cb20b5b3c71668: TOOMANYREQUESTS - You have reached your pull rate limit as 'deepwaterexploration': dckr_jti_O1CXRVakNobyfpJc988xJuz5sDs=. You may increase the limit by upgrading. https://www.docker.com/increase-rate-limit",
                "status": "ERROR"
            },
            {
                "message": "Failed to generate version 1.13.10-beta for extension ceruleansonar.sonarview, error: Error on Docker Registry API with status 429 on call to https://registry-1.docker.io/v2/nicknothom/sonarview/manifests/sha256:4464bf8a71c5aed9165eccbb49753a2e5da1cf97c1bd99ef4a9b1b85fad35f8d: TOOMANYREQUESTS - You have reached your pull rate limit as 'deepwaterexploration': dckr_jti_O1CXRVakNobyfpJc988xJuz5sDs=. You may increase the limit by upgrading. https://www.docker.com/increase-rate-limit",
                "status": "ERROR"
            },
            {
                "message": "Failed to generate version 1.13.14 for extension ceruleansonar.sonarview, error: Error on Docker Registry API with status 429 on call to https://registry-1.docker.io/v2/nicknothom/sonarview/manifests/sha256:34c344a7f8335b360b376adc5b4d5133963664a91a0154ea7d898bb961b29918: TOOMANYREQUESTS - You have reached your pull rate limit as 'deepwaterexploration': dckr_jti_O1CXRVakNobyfpJc988xJuz5sDs=. You may increase the limit by upgrading. https://www.docker.com/increase-rate-limit",
                "status": "ERROR"
            },
            {
                "message": "Failed to generate version 1.13.1-beta for extension ceruleansonar.sonarview, error: Error on Docker Registry API with status 429 on call to https://registry-1.docker.io/v2/nicknothom/sonarview/manifests/sha256:5baa87bdee832d16301a6691c4a5c5d1840a1a96b2bcea87f030602c23107311: TOOMANYREQUESTS - You have reached your pull rate limit as 'deepwaterexploration': dckr_jti_O1CXRVakNobyfpJc988xJuz5sDs=. You may increase the limit by upgrading. https://www.docker.com/increase-rate-limit",
                "status": "ERROR"
            },
            {
                "message": "Failed to generate version 1.11.4 for extension ceruleansonar.sonarview, error: Error on Docker Registry API with status 429 on call to https://registry-1.docker.io/v2/nicknothom/sonarview/manifests/sha256:64aa4c9f1d23e99dda04fb1c0bcc87ed3ed02627aed06deb7bf1adf4f01316b8: TOOMANYREQUESTS - You have reached your pull rate limit as 'deepwaterexploration': dckr_jti_O1CXRVakNobyfpJc988xJuz5sDs=. You may increase the limit by upgrading. https://www.docker.com/increase-rate-limit",
                "status": "ERROR"
            }
        ],
        "clydemcqueen.surftrak_fixit": [
            {
                "message": "Starting metadata processing for clydemcqueen.surftrak_fixit",
                "status": "INFO"
            },
            {
                "message": "Finished metadata processing for clydemcqueen.surftrak_fixit",
                "status": "INFO"
            },
            {
                "message": "Generated version entry v1.0.0-beta.2 for extension clydemcqueen.surftrak_fixit",
                "status": "INFO"
            },
            {
                "message": "Generated version entry v1.0.0-beta.1 for extension clydemcqueen.surftrak_fixit",
                "status": "INFO"
            }
        ],
        "clydemcqueen.wl_ugps_external": [
            {
                "message": "Starting metadata processing for clydemcqueen.wl_ugps_external",
                "status": "INFO"
            },
            {
                "message": "Finished metadata processing for clydemcqueen.wl_ugps_external",
                "status": "INFO"
            },
            {
                "message": "Failed to generate version v1.0.2 for extension clydemcqueen.wl_ugps_external, error: Error on Docker Registry API with status 429 on call to https://registry-1.docker.io/v2/clydemcqueen/wl_ugps_external_extension/manifests/sha256:54e2275c5e9ea7aef7df80d3ace428f9ef287e9cd249ca6a70c22108a0ebfe9f: TOOMANYREQUESTS - You have reached your pull rate limit as 'deepwaterexploration': dckr_jti_6W5XfEuwYWQeCgvYyJ3ZwUsNS7w=. You may increase the limit by upgrading. https://www.docker.com/increase-rate-limit",
                "status": "ERROR"
            },
            {
                "message": "Failed to generate version v1.0.1 for extension clydemcqueen.wl_ugps_external, error: Error on Docker Registry API with status 429 on call to https://registry-1.docker.io/v2/clydemcqueen/wl_ugps_external_extension/manifests/sha256:e0fab510697080cd9c972e1eeb987371fc49f11d64384574a1c80fd72da5c3a6: TOOMANYREQUESTS - You have reached your pull rate limit as 'deepwaterexploration': dckr_jti_6W5XfEuwYWQeCgvYyJ3ZwUsNS7w=. You may increase the limit by upgrading. https://www.docker.com/increase-rate-limit",
                "status": "ERROR"
            },
            {
                "message": "Failed to generate version v1.0.3 for extension clydemcqueen.wl_ugps_external, error: Error on Docker Registry API with status 429 on call to https://registry-1.docker.io/v2/clydemcqueen/wl_ugps_external_extension/manifests/sha256:2adff8e939478262b0cc0b35ee93d79f6a6d876902a10350e3ce93d7c7403dfe: TOOMANYREQUESTS - You have reached your pull rate limit as 'deepwaterexploration': dckr_jti_6W5XfEuwYWQeCgvYyJ3ZwUsNS7w=. You may increase the limit by upgrading. https://www.docker.com/increase-rate-limit",
                "status": "ERROR"
            },
            {
                "message": "Failed to generate version v1.1.0-beta.1 for extension clydemcqueen.wl_ugps_external, error: Error on Docker Registry API with status 429 on call to https://registry-1.docker.io/v2/clydemcqueen/wl_ugps_external_extension/manifests/sha256:cd6803b56aeea2f0db28c744b3ca92a5325c7f27d367d3d348ec585926bfd3f1: TOOMANYREQUESTS - You have reached your pull rate limit as 'deepwaterexploration': dckr_jti_6W5XfEuwYWQeCgvYyJ3ZwUsNS7w=. You may increase the limit by upgrading. https://www.docker.com/increase-rate-limit",
                "status": "ERROR"
            }
        ],
        "deepwaterexploration.dwe_os_2": [
            {
                "message": "Starting metadata processing for deepwaterexploration.dwe_os_2",
                "status": "INFO"
            },
            {
                "message": "Finished metadata processing for deepwaterexploration.dwe_os_2",
                "status": "INFO"
            },
            {
                "message": "Invalid tag name latest for extension deepwaterexploration.dwe_os_2, error: Invalid version naming: latest",
                "status": "ERROR"
            },
            {
                "message": "Generated version entry v0.4.3-blueos for extension deepwaterexploration.dwe_os_2",
                "status": "INFO"
            },
            {
                "message": "Generated version entry v0.4.2-blueos for extension deepwaterexploration.dwe_os_2",
                "status": "INFO"
            }
        ],
        "jmrobotics.jm-connect": [
            {
                "message": "Starting metadata processing for jmrobotics.jm-connect",
                "status": "INFO"
            },
            {
                "message": "Finished metadata processing for jmrobotics.jm-connect",
                "status": "INFO"
            },
            {
                "message": "Invalid tag name jm-connect-blueos-extension for extension jmrobotics.jm-connect, error: Invalid version naming: jm-connect-blueos-extension",
                "status": "ERROR"
            },
            {
                "message": "Could not get readme, expected type to be text/plain but got application/octet-stream",
                "status": "WARNING"
            },
            {
                "message": "Generated version entry 0.1.9 for extension jmrobotics.jm-connect",
                "status": "INFO"
            },
            {
                "message": "Could not get readme, expected type to be text/plain but got application/octet-stream",
                "status": "WARNING"
            },
            {
                "message": "Generated version entry 0.0.9 for extension jmrobotics.jm-connect",
                "status": "INFO"
            },
            {
                "message": "Could not get readme, expected type to be text/plain but got application/octet-stream",
                "status": "WARNING"
            },
            {
                "message": "Generated version entry 0.1.6 for extension jmrobotics.jm-connect",
                "status": "INFO"
            },
            {
                "message": "Could not get readme, expected type to be text/plain but got application/octet-stream",
                "status": "WARNING"
            },
            {
                "message": "Generated version entry 0.0.8 for extension jmrobotics.jm-connect",
                "status": "INFO"
            },
            {
                "message": "Could not get readme, expected type to be text/plain but got application/octet-stream",
                "status": "WARNING"
            },
            {
                "message": "Generated version entry 0.1.1 for extension jmrobotics.jm-connect",
                "status": "INFO"
            },
            {
                "message": "Could not get readme, expected type to be text/plain but got application/octet-stream",
                "status": "WARNING"
            },
            {
                "message": "Generated version entry 0.1.3 for extension jmrobotics.jm-connect",
                "status": "INFO"
            },
            {
                "message": "Could not get readme, expected type to be text/plain but got application/octet-stream",
                "status": "WARNING"
            },
            {
                "message": "Generated version entry 0.1.5 for extension jmrobotics.jm-connect",
                "status": "INFO"
            },
            {
                "message": "Could not get readme, expected type to be text/plain but got application/octet-stream",
                "status": "WARNING"
            },
            {
                "message": "Generated version entry 0.1.2 for extension jmrobotics.jm-connect",
                "status": "INFO"
            },
            {
                "message": "Could not get readme, expected type to be text/plain but got application/octet-stream",
                "status": "WARNING"
            },
            {
                "message": "Generated version entry 0.1.0 for extension jmrobotics.jm-connect",
                "status": "INFO"
            },
            {
                "message": "Could not get readme, expected type to be text/plain but got application/octet-stream",
                "status": "WARNING"
            },
            {
                "message": "Generated version entry 0.1.8 for extension jmrobotics.jm-connect",
                "status": "INFO"
            },
            {
                "message": "Could not get readme, expected type to be text/plain but got application/octet-stream",
                "status": "WARNING"
            },
            {
                "message": "Generated version entry 0.1.7 for extension jmrobotics.jm-connect",
                "status": "INFO"
            },
            {
                "message": "Could not get readme, expected type to be text/plain but got application/octet-stream",
                "status": "WARNING"
            },
            {
                "message": "Generated version entry 0.1.4 for extension jmrobotics.jm-connect",
                "status": "INFO"
            },
            {
                "message": "Could not get readme, expected type to be text/plain but got text/html",
                "status": "WARNING"
            },
            {
                "message": "Generated version entry 0.0.1 for extension jmrobotics.jm-connect",
                "status": "INFO"
            },
            {
                "message": "Could not get readme, expected type to be text/plain but got text/html",
                "status": "WARNING"
            },
            {
                "message": "Generated version entry 0.0.5 for extension jmrobotics.jm-connect",
                "status": "INFO"
            },
            {
                "message": "Could not get readme, expected type to be text/plain but got text/html",
                "status": "WARNING"
            },
            {
                "message": "Generated version entry 0.0.7 for extension jmrobotics.jm-connect",
                "status": "INFO"
            },
            {
                "message": "Could not get readme, expected type to be text/plain but got text/html",
                "status": "WARNING"
            },
            {
                "message": "Generated version entry 0.0.3 for extension jmrobotics.jm-connect",
                "status": "INFO"
            },
            {
                "message": "Could not get readme, expected type to be text/plain but got text/html",
                "status": "WARNING"
            },
            {
                "message": "Generated version entry 0.0.6 for extension jmrobotics.jm-connect",
                "status": "INFO"
            },
            {
                "message": "Could not get readme, expected type to be text/plain but got text/html",
                "status": "WARNING"
            },
            {
                "message": "Generated version entry 0.0.4 for extension jmrobotics.jm-connect",
                "status": "INFO"
            },
            {
                "message": "Could not get readme, expected type to be text/plain but got text/html",
                "status": "WARNING"
            },
            {
                "message": "Generated version entry 0.0.2 for extension jmrobotics.jm-connect",
                "status": "INFO"
            }
        ],
        "nortekgroup.nucleus": [
            {
                "message": "Starting metadata processing for nortekgroup.nucleus",
                "status": "INFO"
            },
            {
                "message": "Extension logo not found for nortekgroup.nucleus, trying to use company logo as alternative",
                "status": "WARNING"
            },
            {
                "message": "Finished metadata processing for nortekgroup.nucleus",
                "status": "INFO"
            },
            {
                "message": "Invalid tag name latest for extension nortekgroup.nucleus, error: Invalid version naming: latest",
                "status": "ERROR"
            },
            {
                "message": "Failed to generate version 0.0.8 for extension nortekgroup.nucleus, error: Error on Docker Registry API with status 429 on call to https://registry-1.docker.io/v2/nortekgroup/blueos_nucleus/manifests/sha256:f435a931ca002a48fac05f49210a5fde5f4149230f0cc28eaa6620d07c783d02: TOOMANYREQUESTS - You have reached your pull rate limit as 'deepwaterexploration': dckr_jti_-FZ5xdethCp5yIIDKIVgqEuWYLs=. You may increase the limit by upgrading. https://www.docker.com/increase-rate-limit",
                "status": "ERROR"
            },
            {
                "message": "Failed to generate version 1.0.0 for extension nortekgroup.nucleus, error: Error on Docker Registry API with status 429 on call to https://registry-1.docker.io/v2/nortekgroup/blueos_nucleus/manifests/sha256:27ce7b6d54144a21ffc977980db8cab5449ea187d7a547730435ff33e81410ee: TOOMANYREQUESTS - You have reached your pull rate limit as 'deepwaterexploration': dckr_jti_-FZ5xdethCp5yIIDKIVgqEuWYLs=. You may increase the limit by upgrading. https://www.docker.com/increase-rate-limit",
                "status": "ERROR"
            },
            {
                "message": "Failed to generate version 0.0.7 for extension nortekgroup.nucleus, error: Error on Docker Registry API with status 429 on call to https://registry-1.docker.io/v2/nortekgroup/blueos_nucleus/manifests/sha256:3c2863d40a1fb24a52bee3a121066c066ce4dea188bcf34f57d703604b4ef67d: TOOMANYREQUESTS - You have reached your pull rate limit as 'deepwaterexploration': dckr_jti_-FZ5xdethCp5yIIDKIVgqEuWYLs=. You may increase the limit by upgrading. https://www.docker.com/increase-rate-limit",
                "status": "ERROR"
            },
            {
                "message": "Failed to generate version 1.1.0 for extension nortekgroup.nucleus, error: Error on Docker Registry API with status 429 on call to https://registry-1.docker.io/v2/nortekgroup/blueos_nucleus/manifests/sha256:e0dedf493f9749aa953b59d4941e1fdf254c4a6949ecee933079e1d203e71773: TOOMANYREQUESTS - You have reached your pull rate limit as 'deepwaterexploration': dckr_jti_-FZ5xdethCp5yIIDKIVgqEuWYLs=. You may increase the limit by upgrading. https://www.docker.com/increase-rate-limit",
                "status": "ERROR"
            },
            {
                "message": "Failed to generate version 1.0.4 for extension nortekgroup.nucleus, error: Error on Docker Registry API with status 429 on call to https://registry-1.docker.io/v2/nortekgroup/blueos_nucleus/manifests/sha256:737d0121074d2009aec5e835884197efa32d063779f1417d981c41e3c351cbec: TOOMANYREQUESTS - You have reached your pull rate limit as 'deepwaterexploration': dckr_jti_-FZ5xdethCp5yIIDKIVgqEuWYLs=. You may increase the limit by upgrading. https://www.docker.com/increase-rate-limit",
                "status": "ERROR"
            },
            {
                "message": "Failed to generate version 0.0.6 for extension nortekgroup.nucleus, error: Error on Docker Registry API with status 429 on call to https://registry-1.docker.io/v2/nortekgroup/blueos_nucleus/manifests/sha256:ea7125f465fbb327c4b7d20debe40491de00e448c9750b31497388bac2c776b4: TOOMANYREQUESTS - You have reached your pull rate limit as 'deepwaterexploration': dckr_jti_-FZ5xdethCp5yIIDKIVgqEuWYLs=. You may increase the limit by upgrading. https://www.docker.com/increase-rate-limit",
                "status": "ERROR"
            },
            {
                "message": "Failed to generate version 1.2.0 for extension nortekgroup.nucleus, error: Error on Docker Registry API with status 429 on call to https://registry-1.docker.io/v2/nortekgroup/blueos_nucleus/manifests/sha256:630017a74190da84b89edee200f473baf0140a80d8e7e843bab8a9178091268d: TOOMANYREQUESTS - You have reached your pull rate limit as 'deepwaterexploration': dckr_jti_-FZ5xdethCp5yIIDKIVgqEuWYLs=. You may increase the limit by upgrading. https://www.docker.com/increase-rate-limit",
                "status": "ERROR"
            },
            {
                "message": "Failed to generate version 1.0.2 for extension nortekgroup.nucleus, error: Error on Docker Registry API with status 429 on call to https://registry-1.docker.io/v2/nortekgroup/blueos_nucleus/manifests/sha256:8d96a946443c05c829d07953772cd0c53ee88120455449768796ee133c38f679: TOOMANYREQUESTS - You have reached your pull rate limit as 'deepwaterexploration': dckr_jti_-FZ5xdethCp5yIIDKIVgqEuWYLs=. You may increase the limit by upgrading. https://www.docker.com/increase-rate-limit",
                "status": "ERROR"
            },
            {
                "message": "Generated version entry 1.0.1 for extension nortekgroup.nucleus",
                "status": "INFO"
            }
        ],
        "patrickelectric.starlink-position": [
            {
                "message": "Starting metadata processing for patrickelectric.starlink-position",
                "status": "INFO"
            },
            {
                "message": "Finished metadata processing for patrickelectric.starlink-position",
                "status": "INFO"
            },
            {
                "message": "Invalid tag name latest for extension patrickelectric.starlink-position, error: Invalid version naming: latest",
                "status": "ERROR"
            },
            {
                "message": "Invalid tag name master for extension patrickelectric.starlink-position, error: Invalid version naming: master",
                "status": "ERROR"
            },
            {
                "message": "Could not get readme https://raw.githubusercontent.com/patrickelectric/blueos-starlink-position/1.0.0/README.md: status: 404: 404: Not Found",
                "status": "WARNING"
            },
            {
                "message": "Generated version entry 1.0.0 for extension patrickelectric.starlink-position",
                "status": "INFO"
            },
            {
                "message": "Generated version entry 1.0.4 for extension patrickelectric.starlink-position",
                "status": "INFO"
            },
            {
                "message": "Generated version entry 1.0.1 for extension patrickelectric.starlink-position",
                "status": "INFO"
            },
            {
                "message": "Generated version entry 1.0.2 for extension patrickelectric.starlink-position",
                "status": "INFO"
            },
            {
                "message": "Generated version entry 1.0.3 for extension patrickelectric.starlink-position",
                "status": "INFO"
            }
        ],
        "sonardyne.navsync_pro": [
            {
                "message": "Starting metadata processing for sonardyne.navsync_pro",
                "status": "INFO"
            },
            {
                "message": "Finished metadata processing for sonardyne.navsync_pro",
                "status": "INFO"
            },
            {
                "message": "Invalid tag name latest for extension sonardyne.navsync_pro, error: Invalid version naming: latest",
                "status": "ERROR"
            },
            {
                "message": "Failed to generate version v1.0.7 for extension sonardyne.navsync_pro, error: Error on Docker Registry API with status 429 on call to https://registry-1.docker.io/v2/sonardyne/blueos-sprint-nav-extension/manifests/sha256:8a8f30f7b9c8c2640fcfd3ef1626c10fa3f0d3a3b6d9d0275ee9c860dd9c7ed5: TOOMANYREQUESTS - You have reached your pull rate limit as 'deepwaterexploration': dckr_jti_W-rxfOjXf6G0znjUuNWIrokcEIQ=. You may increase the limit by upgrading. https://www.docker.com/increase-rate-limit",
                "status": "ERROR"
            },
            {
                "message": "Failed to generate version v1.0.1 for extension sonardyne.navsync_pro, error: Error on Docker Registry API with status 429 on call to https://registry-1.docker.io/v2/sonardyne/blueos-sprint-nav-extension/manifests/sha256:c363af047b2c531181ed31c09b9d5b5a971b1e16400a5bac1691de08d265064b: TOOMANYREQUESTS - You have reached your pull rate limit as 'deepwaterexploration': dckr_jti_W-rxfOjXf6G0znjUuNWIrokcEIQ=. You may increase the limit by upgrading. https://www.docker.com/increase-rate-limit",
                "status": "ERROR"
            },
            {
                "message": "Failed to generate version v1.0.0 for extension sonardyne.navsync_pro, error: Error on Docker Registry API with status 429 on call to https://registry-1.docker.io/v2/sonardyne/blueos-sprint-nav-extension/manifests/sha256:4eca4dbd894c55822394eebc93cf01070157dc57d1e5b754cd01562eb42efb4a: TOOMANYREQUESTS - You have reached your pull rate limit as 'deepwaterexploration': dckr_jti_W-rxfOjXf6G0znjUuNWIrokcEIQ=. You may increase the limit by upgrading. https://www.docker.com/increase-rate-limit",
                "status": "ERROR"
            },
            {
                "message": "Failed to generate version v1.0.4 for extension sonardyne.navsync_pro, error: Error on Docker Registry API with status 429 on call to https://registry-1.docker.io/v2/sonardyne/blueos-sprint-nav-extension/manifests/sha256:208e65a722024e93143a194a3002af2e488b0e3b74a5d2051a2db832ac7e1cb3: TOOMANYREQUESTS - You have reached your pull rate limit as 'deepwaterexploration': dckr_jti_W-rxfOjXf6G0znjUuNWIrokcEIQ=. You may increase the limit by upgrading. https://www.docker.com/increase-rate-limit",
                "status": "ERROR"
            },
            {
                "message": "Failed to generate version v1.0.6 for extension sonardyne.navsync_pro, error: Error on Docker Registry API with status 429 on call to https://registry-1.docker.io/v2/sonardyne/blueos-sprint-nav-extension/manifests/sha256:09406e970a2bc715b3e383b396fd4b03dd6b083247168fe666b3a48b8a9ea472: TOOMANYREQUESTS - You have reached your pull rate limit as 'deepwaterexploration': dckr_jti_W-rxfOjXf6G0znjUuNWIrokcEIQ=. You may increase the limit by upgrading. https://www.docker.com/increase-rate-limit",
                "status": "ERROR"
            },
            {
                "message": "Failed to generate version v1.0.5 for extension sonardyne.navsync_pro, error: Error on Docker Registry API with status 429 on call to https://registry-1.docker.io/v2/sonardyne/blueos-sprint-nav-extension/manifests/sha256:f19c446693d4f581c9c4f419572a90cdaa3ab53efd62c31e44c3227ca2168d12: TOOMANYREQUESTS - You have reached your pull rate limit as 'deepwaterexploration': dckr_jti_W-rxfOjXf6G0znjUuNWIrokcEIQ=. You may increase the limit by upgrading. https://www.docker.com/increase-rate-limit",
                "status": "ERROR"
            },
            {
                "message": "Failed to generate version v1.0.2 for extension sonardyne.navsync_pro, error: Error on Docker Registry API with status 429 on call to https://registry-1.docker.io/v2/sonardyne/blueos-sprint-nav-extension/manifests/sha256:41d260710ff0cdbb41f2ff5469518b8870823a069578601b9a9b0bbec475721b: TOOMANYREQUESTS - You have reached your pull rate limit as 'deepwaterexploration': dckr_jti_W-rxfOjXf6G0znjUuNWIrokcEIQ=. You may increase the limit by upgrading. https://www.docker.com/increase-rate-limit",
                "status": "ERROR"
            },
            {
                "message": "Failed to generate version v1.0.3 for extension sonardyne.navsync_pro, error: Error on Docker Registry API with status 429 on call to https://registry-1.docker.io/v2/sonardyne/blueos-sprint-nav-extension/manifests/sha256:78beaabd0a70d25ef5bc85157e1122421ef9f8c421f9869096e9b73e8e57eedd: TOOMANYREQUESTS - You have reached your pull rate limit as 'deepwaterexploration': dckr_jti_W-rxfOjXf6G0znjUuNWIrokcEIQ=. You may increase the limit by upgrading. https://www.docker.com/increase-rate-limit",
                "status": "ERROR"
            },
            {
                "message": "Failed to generate version v1.0.8 for extension sonardyne.navsync_pro, error: Error on Docker Registry API with status 429 on call to https://registry-1.docker.io/v2/sonardyne/blueos-sprint-nav-extension/manifests/sha256:c4f7b5de29b423fdc57713525bf15968716de88d80dae000949947b4adef5ea2: TOOMANYREQUESTS - You have reached your pull rate limit as 'deepwaterexploration': dckr_jti_W-rxfOjXf6G0znjUuNWIrokcEIQ=. You may increase the limit by upgrading. https://www.docker.com/increase-rate-limit",
                "status": "ERROR"
            }
        ],
        "vshie.pingSurvey": [
            {
                "message": "Starting metadata processing for vshie.pingSurvey",
                "status": "INFO"
            },
            {
                "message": "Finished metadata processing for vshie.pingSurvey",
                "status": "INFO"
            },
            {
                "message": "Invalid tag name main for extension vshie.pingSurvey, error: Invalid version naming: main",
                "status": "ERROR"
            },
            {
                "message": "Invalid tag name autopilot-detection for extension vshie.pingSurvey, error: Invalid version naming: autopilot-detection",
                "status": "ERROR"
            },
            {
                "message": "Failed to generate version v1.0.1 for extension vshie.pingSurvey, error: Error on Docker Registry API with status 429 on call to https://registry-1.docker.io/v2/vshie/blueos-simplepingsurvey/manifests/sha256:2917a429dfc66a447295883b8de1ca551ff3e64109bd6bdcf8d943d535811ac7: TOOMANYREQUESTS - You have reached your pull rate limit as 'deepwaterexploration': dckr_jti_1kbo3y4KsOv3NrhSe7VjOF8tzgQ=. You may increase the limit by upgrading. https://www.docker.com/increase-rate-limit",
                "status": "ERROR"
            },
            {
                "message": "Failed to generate version v1.1.0 for extension vshie.pingSurvey, error: Error on Docker Registry API with status 429 on call to https://registry-1.docker.io/v2/vshie/blueos-simplepingsurvey/manifests/sha256:19244603abc98ed2d65404c9495a7ea1b567ac964a283b67dd19b05f36692702: TOOMANYREQUESTS - You have reached your pull rate limit as 'deepwaterexploration': dckr_jti_1kbo3y4KsOv3NrhSe7VjOF8tzgQ=. You may increase the limit by upgrading. https://www.docker.com/increase-rate-limit",
                "status": "ERROR"
            },
            {
                "message": "Failed to generate version v1.0.0 for extension vshie.pingSurvey, error: Error on Docker Registry API with status 429 on call to https://registry-1.docker.io/v2/vshie/blueos-simplepingsurvey/manifests/sha256:f329aae26ef680843dd8b54ccb72f3e35ec80102b3d850a2c87ce4c522740a62: TOOMANYREQUESTS - You have reached your pull rate limit as 'deepwaterexploration': dckr_jti_1kbo3y4KsOv3NrhSe7VjOF8tzgQ=. You may increase the limit by upgrading. https://www.docker.com/increase-rate-limit",
                "status": "ERROR"
            }
        ],
        "waterlinked.ugps": [
            {
                "message": "Starting metadata processing for waterlinked.ugps",
                "status": "INFO"
            },
            {
                "message": "Finished metadata processing for waterlinked.ugps",
                "status": "INFO"
            },
            {
                "message": "Invalid tag name latest for extension waterlinked.ugps, error: Invalid version naming: latest",
                "status": "ERROR"
            },
            {
                "message": "Could not get readme https://raw.githubusercontent.com/waterlinked/blueos-ugps-extension/v1.0.7-beta.5/readme.md: status: 404: 404: Not Found",
                "status": "WARNING"
            },
            {
                "message": "Generated version entry v1.0.7-beta.5 for extension waterlinked.ugps",
                "status": "INFO"
            },
            {
                "message": "Generated version entry v1.0.6 for extension waterlinked.ugps",
                "status": "INFO"
            },
            {
                "message": "Generated version entry v1.0.7-beta.2 for extension waterlinked.ugps",
                "status": "INFO"
            },
            {
                "message": "Generated version entry v1.0.4 for extension waterlinked.ugps",
                "status": "INFO"
            },
            {
                "message": "Generated version entry v1.0.7 for extension waterlinked.ugps",
                "status": "INFO"
            }
        ],
        "williangalvani.blueos-proxy": [
            {
                "message": "Starting metadata processing for williangalvani.blueos-proxy",
                "status": "INFO"
            },
            {
                "message": "Finished metadata processing for williangalvani.blueos-proxy",
                "status": "INFO"
            },
            {
                "message": "Invalid tag name master for extension williangalvani.blueos-proxy, error: Invalid version naming: master",
                "status": "ERROR"
            },
            {
                "message": "Invalid tag name iframes for extension williangalvani.blueos-proxy, error: Invalid version naming: iframes",
                "status": "ERROR"
            },
            {
                "message": "Invalid tag name nocache for extension williangalvani.blueos-proxy, error: Invalid version naming: nocache",
                "status": "ERROR"
            },
            {
                "message": "Invalid tag name websockets for extension williangalvani.blueos-proxy, error: Invalid version naming: websockets",
                "status": "ERROR"
            },
            {
                "message": "Failed to generate version v0.0.1 for extension williangalvani.blueos-proxy, error: Error on Docker Registry API with status 429 on call to https://registry-1.docker.io/v2/williangalvani/blueos-extension-proxy/manifests/sha256:89ef4fcfe2880c061112831114679d61eb12639002da11203fecfb03312fa844: TOOMANYREQUESTS - You have reached your pull rate limit as 'deepwaterexploration': dckr_jti_sfDV3Gg7CiaTDmgRvXXfahrXjEw=. You may increase the limit by upgrading. https://www.docker.com/increase-rate-limit",
                "status": "ERROR"
            },
            {
                "message": "Failed to generate version v1.0.5 for extension williangalvani.blueos-proxy, error: Error on Docker Registry API with status 429 on call to https://registry-1.docker.io/v2/williangalvani/blueos-extension-proxy/manifests/sha256:916b3317ef9194b2f1cd52c17e7a8063b2b6d3a910d52fa45c3a3094ff6fef5b: TOOMANYREQUESTS - You have reached your pull rate limit as 'deepwaterexploration': dckr_jti_sfDV3Gg7CiaTDmgRvXXfahrXjEw=. You may increase the limit by upgrading. https://www.docker.com/increase-rate-limit",
                "status": "ERROR"
            },
            {
                "message": "Failed to generate version v1.0.2 for extension williangalvani.blueos-proxy, error: Error on Docker Registry API with status 429 on call to https://registry-1.docker.io/v2/williangalvani/blueos-extension-proxy/manifests/sha256:558d5fd76d64ebf386f9d3b999e735f06d5c5e5083185bb8eee43da06fb21160: TOOMANYREQUESTS - You have reached your pull rate limit as 'deepwaterexploration': dckr_jti_sfDV3Gg7CiaTDmgRvXXfahrXjEw=. You may increase the limit by upgrading. https://www.docker.com/increase-rate-limit",
                "status": "ERROR"
            },
            {
                "message": "Failed to generate version v1.0.0 for extension williangalvani.blueos-proxy, error: Error on Docker Registry API with status 429 on call to https://registry-1.docker.io/v2/williangalvani/blueos-extension-proxy/manifests/sha256:aedd59836db2027ddf1ef1bf107e2ca80bf94cafa0c7a2263040b6299398ec41: TOOMANYREQUESTS - You have reached your pull rate limit as 'deepwaterexploration': dckr_jti_sfDV3Gg7CiaTDmgRvXXfahrXjEw=. You may increase the limit by upgrading. https://www.docker.com/increase-rate-limit",
                "status": "ERROR"
            },
            {
                "message": "Failed to generate version v1.0.1 for extension williangalvani.blueos-proxy, error: Error on Docker Registry API with status 429 on call to https://registry-1.docker.io/v2/williangalvani/blueos-extension-proxy/manifests/sha256:403797eeef9396e67001caa71d638c64e10a8e27aad5f16838208de4c7ae5c47: TOOMANYREQUESTS - You have reached your pull rate limit as 'deepwaterexploration': dckr_jti_sfDV3Gg7CiaTDmgRvXXfahrXjEw=. You may increase the limit by upgrading. https://www.docker.com/increase-rate-limit",
                "status": "ERROR"
            },
            {
                "message": "Failed to generate version v1.0.3 for extension williangalvani.blueos-proxy, error: Error on Docker Registry API with status 429 on call to https://registry-1.docker.io/v2/williangalvani/blueos-extension-proxy/manifests/sha256:a5f4b1f8bacfcb91b79e43880c2d4130854f8b84850450e5b3342628b7ad078a: TOOMANYREQUESTS - You have reached your pull rate limit as 'deepwaterexploration': dckr_jti_sfDV3Gg7CiaTDmgRvXXfahrXjEw=. You may increase the limit by upgrading. https://www.docker.com/increase-rate-limit",
                "status": "ERROR"
            },
            {
                "message": "Failed to generate version v1.0.4 for extension williangalvani.blueos-proxy, error: Error on Docker Registry API with status 429 on call to https://registry-1.docker.io/v2/williangalvani/blueos-extension-proxy/manifests/sha256:fd1b9813bd070ed908eedd1893a4384bb326c4810822fa90559cf4cb9c27742e: TOOMANYREQUESTS - You have reached your pull rate limit as 'deepwaterexploration': dckr_jti_sfDV3Gg7CiaTDmgRvXXfahrXjEw=. You may increase the limit by upgrading. https://www.docker.com/increase-rate-limit",
                "status": "ERROR"
            }
        ],
        "williangalvani.example1": [
            {
                "message": "Starting metadata processing for williangalvani.example1",
                "status": "INFO"
            },
            {
                "message": "Finished metadata processing for williangalvani.example1",
                "status": "INFO"
            },
            {
                "message": "Generated version entry v1.0.0 for extension williangalvani.example1",
                "status": "INFO"
            },
            {
                "message": "Generated version entry v1.0.1 for extension williangalvani.example1",
                "status": "INFO"
            }
        ],
        "williangalvani.example2": [
            {
                "message": "Starting metadata processing for williangalvani.example2",
                "status": "INFO"
            },
            {
                "message": "Finished metadata processing for williangalvani.example2",
                "status": "INFO"
            },
            {
                "message": "Generated version entry v1.0.0 for extension williangalvani.example2",
                "status": "INFO"
            },
            {
                "message": "Generated version entry v1.0.1 for extension williangalvani.example2",
                "status": "INFO"
            }
        ],
        "williangalvani.example3": [
            {
                "message": "Starting metadata processing for williangalvani.example3",
                "status": "INFO"
            },
            {
                "message": "Finished metadata processing for williangalvani.example3",
                "status": "INFO"
            },
            {
                "message": "Generated version entry v1.0.0 for extension williangalvani.example3",
                "status": "INFO"
            },
            {
                "message": "Generated version entry v1.0.1 for extension williangalvani.example3",
                "status": "INFO"
            }
        ],
        "williangalvani.example4": [
            {
                "message": "Starting metadata processing for williangalvani.example4",
                "status": "INFO"
            },
            {
                "message": "Finished metadata processing for williangalvani.example4",
                "status": "INFO"
            },
            {
                "message": "Generated version entry v1.0.1 for extension williangalvani.example4",
                "status": "INFO"
            },
            {
                "message": "Generated version entry v1.0.0 for extension williangalvani.example4",
                "status": "INFO"
            }
        ],
        "williangalvani.example5": [
            {
                "message": "Starting metadata processing for williangalvani.example5",
                "status": "INFO"
            },
            {
                "message": "Finished metadata processing for williangalvani.example5",
                "status": "INFO"
            },
            {
                "message": "Generated version entry v1.0.0 for extension williangalvani.example5",
                "status": "INFO"
            },
            {
                "message": "Generated version entry v1.0.1 for extension williangalvani.example5",
                "status": "INFO"
            }
        ],
        "williangalvani.network-scanner": [
            {
                "message": "Starting metadata processing for williangalvani.network-scanner",
                "status": "INFO"
            },
            {
                "message": "Finished metadata processing for williangalvani.network-scanner",
                "status": "INFO"
            },
            {
                "message": "Invalid tag name master for extension williangalvani.network-scanner, error: Invalid version naming: master",
                "status": "ERROR"
            },
            {
                "message": "Invalid tag name latest for extension williangalvani.network-scanner, error: Invalid version naming: latest",
                "status": "ERROR"
            },
            {
                "message": "Failed to generate version v1.0.0 for extension williangalvani.network-scanner, error: Expected one valid manifest for target embedded arch but found: 2",
                "status": "ERROR"
            },
            {
                "message": "Generated version entry 1.0.2 for extension williangalvani.network-scanner",
                "status": "INFO"
            },
            {
                "message": "Generated version entry v1.0.2 for extension williangalvani.network-scanner",
                "status": "INFO"
            },
            {
                "message": "Generated version entry v1.0.1 for extension williangalvani.network-scanner",
                "status": "INFO"
            },
            {
                "message": "Generated version entry 1.0.3 for extension williangalvani.network-scanner",
                "status": "INFO"
            }
        ],
        "williangalvani.oakd": [
            {
                "message": "Starting metadata processing for williangalvani.oakd",
                "status": "INFO"
            },
            {
                "message": "Finished metadata processing for williangalvani.oakd",
                "status": "INFO"
            },
            {
                "message": "Could not get readme https://raw.githubusercontent.com/Williangalvani/Oakd-extension/v1.0.1-heta.1/Readme.md: status: 404: 404: Not Found",
                "status": "WARNING"
            },
            {
                "message": "Generated version entry v1.0.1-heta.1 for extension williangalvani.oakd",
                "status": "INFO"
            },
            {
                "message": "Generated version entry v1.0.0 for extension williangalvani.oakd",
                "status": "INFO"
            },
            {
                "message": "Could not get readme https://raw.githubusercontent.com/Williangalvani/Oakd-extension/v1.0.1/Readme.md: status: 404: 404: Not Found",
                "status": "WARNING"
            },
            {
                "message": "Generated version entry v1.0.1 for extension williangalvani.oakd",
                "status": "INFO"
            }
        ],
        "williangalvani.plc-diagnostics": [
            {
                "message": "Starting metadata processing for williangalvani.plc-diagnostics",
                "status": "INFO"
            },
            {
                "message": "Finished metadata processing for williangalvani.plc-diagnostics",
                "status": "INFO"
            },
            {
                "message": "Could not get readme https://raw.githubusercontent.com/$OWNER/$REPO/v1.0.0/README.md: status: 404: 404: Not Found",
                "status": "WARNING"
            },
            {
                "message": "Generated version entry v1.0.0 for extension williangalvani.plc-diagnostics",
                "status": "INFO"
            },
            {
                "message": "Could not get readme https://raw.githubusercontent.com/$OWNER/$REPO/1.0.0/README.md: status: 404: 404: Not Found",
                "status": "WARNING"
            },
            {
                "message": "Generated version entry 1.0.0 for extension williangalvani.plc-diagnostics",
                "status": "INFO"
            },
            {
                "message": "Could not get readme https://raw.githubusercontent.com/williangalvani/plc-extension/0.0.5/README.md: status: 404: 404: Not Found",
                "status": "WARNING"
            },
            {
                "message": "Generated version entry 0.0.5 for extension williangalvani.plc-diagnostics",
                "status": "INFO"
            },
            {
                "message": "Generated version entry v1.0.2 for extension williangalvani.plc-diagnostics",
                "status": "INFO"
            },
            {
                "message": "Generated version entry v1.0.3 for extension williangalvani.plc-diagnostics",
                "status": "INFO"
            },
            {
                "message": "Could not get readme https://raw.githubusercontent.com/$OWNER/$REPO/1.0.1/README.md: status: 404: 404: Not Found",
                "status": "WARNING"
            },
            {
                "message": "Generated version entry 1.0.1 for extension williangalvani.plc-diagnostics",
                "status": "INFO"
            }
        ],
        "williangalvani.usbip": [
            {
                "message": "Starting metadata processing for williangalvani.usbip",
                "status": "INFO"
            },
            {
                "message": "Finished metadata processing for williangalvani.usbip",
                "status": "INFO"
            },
            {
                "message": "Invalid tag name test for extension williangalvani.usbip, error: Invalid version naming: test",
                "status": "ERROR"
            },
            {
                "message": "Generated version entry v1.0.3 for extension williangalvani.usbip",
                "status": "INFO"
            },
            {
                "message": "Generated version entry v1.0.0 for extension williangalvani.usbip",
                "status": "INFO"
            },
            {
                "message": "Generated version entry v1.0.1 for extension williangalvani.usbip",
                "status": "INFO"
            },
            {
                "message": "Generated version entry v1.0.2 for extension williangalvani.usbip",
                "status": "INFO"
            }
        ],
        "williangalvani.virtualhere": [
            {
                "message": "Starting metadata processing for williangalvani.virtualhere",
                "status": "INFO"
            },
            {
                "message": "Finished metadata processing for williangalvani.virtualhere",
                "status": "INFO"
            },
            {
                "message": "Invalid tag name test for extension williangalvani.virtualhere, error: Invalid version naming: test",
                "status": "ERROR"
            },
            {
                "message": "Generated version entry v1.0.0 for extension williangalvani.virtualhere",
                "status": "INFO"
            },
            {
                "message": "Generated version entry v1.0.4 for extension williangalvani.virtualhere",
                "status": "INFO"
            },
            {
                "message": "Generated version entry v1.0.5 for extension williangalvani.virtualhere",
                "status": "INFO"
            },
            {
                "message": "Generated version entry v1.0.2 for extension williangalvani.virtualhere",
                "status": "INFO"
            },
            {
                "message": "Generated version entry v1.0.3 for extension williangalvani.virtualhere",
                "status": "INFO"
            }
        ],
        "williangalvani.zerotier": [
            {
                "message": "Starting metadata processing for williangalvani.zerotier",
                "status": "INFO"
            },
            {
                "message": "Finished metadata processing for williangalvani.zerotier",
                "status": "INFO"
            },
            {
                "message": "Invalid tag name conf-test for extension williangalvani.zerotier, error: Invalid version naming: conf-test",
                "status": "ERROR"
            },
            {
                "message": "Invalid tag name test for extension williangalvani.zerotier, error: Invalid version naming: test",
                "status": "ERROR"
            },
            {
                "message": "Invalid tag name teste for extension williangalvani.zerotier, error: Invalid version naming: teste",
                "status": "ERROR"
            },
            {
                "message": "Failed to generate version v1.14.2 for extension williangalvani.zerotier, error: Error on Docker Registry API with status 429 on call to https://registry-1.docker.io/v2/williangalvani/zerotier/manifests/sha256:a51989fad182fd33e0712e88b4977a69589d12f5c28347a89a14e893dd365d18: TOOMANYREQUESTS - You have reached your pull rate limit as 'deepwaterexploration': dckr_jti_FKn8fuepWo-aaHD9DO8YHiT0J40=. You may increase the limit by upgrading. https://www.docker.com/increase-rate-limit",
                "status": "ERROR"
            },
            {
                "message": "Failed to generate version v1.14.3 for extension williangalvani.zerotier, error: Error on Docker Registry API with status 429 on call to https://registry-1.docker.io/v2/williangalvani/zerotier/manifests/sha256:2b3326b44dfc7d86e5bf07699c53dd6da8ad99a829e86feababcdbdfd7f38881: TOOMANYREQUESTS - You have reached your pull rate limit as 'deepwaterexploration': dckr_jti_FKn8fuepWo-aaHD9DO8YHiT0J40=. You may increase the limit by upgrading. https://www.docker.com/increase-rate-limit",
                "status": "ERROR"
            },
            {
                "message": "Failed to generate version v1.14.0 for extension williangalvani.zerotier, error: Error on Docker Registry API with status 429 on call to https://registry-1.docker.io/v2/williangalvani/zerotier/manifests/sha256:831682262dd736b8844e59d9bb49e479755c6cc0b27b71e4058c91033b7d2a40: TOOMANYREQUESTS - You have reached your pull rate limit as 'deepwaterexploration': dckr_jti_FKn8fuepWo-aaHD9DO8YHiT0J40=. You may increase the limit by upgrading. https://www.docker.com/increase-rate-limit",
                "status": "ERROR"
            },
            {
                "message": "Generated version entry v1.0.0 for extension williangalvani.zerotier",
                "status": "INFO"
            },
            {
                "message": "Generated version entry v1.12.1 for extension williangalvani.zerotier",
                "status": "INFO"
            },
            {
                "message": "Generated version entry v1.12.3 for extension williangalvani.zerotier",
                "status": "INFO"
            },
            {
                "message": "Generated version entry v1.0.1 for extension williangalvani.zerotier",
                "status": "INFO"
            }
        ]
    },
    "final_docker_rate_limit": {
        "interval_seconds": 21600,
        "limit": 200,
        "remaining": -13,
        "source_ip": "4d3cd125-d212-4a99-a724-a2c128907363"
    },
    "start_docker_rate_limit": {
        "interval_seconds": 21600,
        "limit": 200,
        "remaining": 73,
        "source_ip": "4d3cd125-d212-4a99-a724-a2c128907363"
    }
}